# JRE version: OpenJDK Runtime Environment (17.0.6) (build 17.0.6+0-b2043.56-9586694)
# Java VM: OpenJDK 64-Bit Server VM (17.0.6+0-b2043.56-9586694, mixed mode, tiered, compressed oops, compressed class ptrs, g1 gc, windows-amd64)
GC Precious Log:
 CPUs: 8 total, 8 available
 Memory: 16285M
 Large Page Support: Disabled
 NUMA Support: Disabled
 Compressed Oops: Enabled (32-bit)
 Heap Region Size: 1M
 Heap Min Capacity: 8M
 Heap Initial Capacity: 256M
 Heap Max Capacity: 2G
 Pre-touch: Disabled
 Parallel Workers: 8
 Concurrent Workers: 2
 Concurrent Refinement Workers: 8
 Periodic GC: Disabled
Heap:
 garbage-first heap   total 119808K, used 77860K [0x0000000080000000, 0x0000000100000000)
  region size 1024K, 15 young (15360K), 3 survivors (3072K)
 Metaspace       used 72310K, committed 72896K, reserved 1114112K
  class space    used 9551K, committed 9792K, reserved 1048576K
GC Heap History (20 events):
Event: 13.339 GC heap before
{Heap before GC invocations=26 (full 0):
 garbage-first heap   total 92160K, used 65310K [0x0000000080000000, 0x0000000100000000)
  region size 1024K, 13 young (13312K), 1 survivors (1024K)
 Metaspace       used 54652K, committed 55168K, reserved 1097728K
  class space    used 7238K, committed 7488K, reserved 1048576K
}
Event: 13.342 GC heap after
{Heap after GC invocations=27 (full 0):
 garbage-first heap   total 112640K, used 53500K [0x0000000080000000, 0x0000000100000000)
  region size 1024K, 1 young (1024K), 1 survivors (1024K)
 Metaspace       used 54652K, committed 55168K, reserved 1097728K
  class space    used 7238K, committed 7488K, reserved 1048576K
}
Event: 13.959 GC heap before
{Heap before GC invocations=28 (full 0):
 garbage-first heap   total 112640K, used 73980K [0x0000000080000000, 0x0000000100000000)
  region size 1024K, 22 young (22528K), 1 survivors (1024K)
 Metaspace       used 58235K, committed 58752K, reserved 1105920K
  class space    used 7681K, committed 7872K, reserved 1048576K
}
Event: 13.963 GC heap after
{Heap after GC invocations=29 (full 0):
 garbage-first heap   total 112640K, used 54247K [0x0000000080000000, 0x0000000100000000)
  region size 1024K, 2 young (2048K), 2 survivors (2048K)
 Metaspace       used 58235K, committed 58752K, reserved 1105920K
  class space    used 7681K, committed 7872K, reserved 1048576K
}
Event: 14.062 GC heap before
{Heap before GC invocations=29 (full 0):
 garbage-first heap   total 112640K, used 56295K [0x0000000080000000, 0x0000000100000000)
  region size 1024K, 5 young (5120K), 2 survivors (2048K)
 Metaspace       used 58459K, committed 58944K, reserved 1105920K
  class space    used 7709K, committed 7936K, reserved 1048576K
}
Event: 14.066 GC heap after
{Heap after GC invocations=30 (full 0):
 garbage-first heap   total 112640K, used 54079K [0x0000000080000000, 0x0000000100000000)
  region size 1024K, 1 young (1024K), 1 survivors (1024K)
 Metaspace       used 58459K, committed 58944K, reserved 1105920K
  class space    used 7709K, committed 7936K, reserved 1048576K
}
Event: 14.704 GC heap before
{Heap before GC invocations=30 (full 0):
 garbage-first heap   total 112640K, used 74559K [0x0000000080000000, 0x0000000100000000)
  region size 1024K, 22 young (22528K), 1 survivors (1024K)
 Metaspace       used 62734K, committed 63296K, reserved 1105920K
  class space    used 8290K, committed 8576K, reserved 1048576K
}
Event: 14.709 GC heap after
{Heap after GC invocations=31 (full 0):
 garbage-first heap   total 112640K, used 56046K [0x0000000080000000, 0x0000000100000000)
  region size 1024K, 3 young (3072K), 3 survivors (3072K)
 Metaspace       used 62734K, committed 63296K, reserved 1105920K
  class space    used 8290K, committed 8576K, reserved 1048576K
}
Event: 14.810 GC heap before
{Heap before GC invocations=32 (full 0):
 garbage-first heap   total 116736K, used 68334K [0x0000000080000000, 0x0000000100000000)
  region size 1024K, 12 young (12288K), 3 survivors (3072K)
 Metaspace       used 62736K, committed 63296K, reserved 1105920K
  class space    used 8290K, committed 8576K, reserved 1048576K
}
Event: 14.815 GC heap after
{Heap after GC invocations=33 (full 0):
 garbage-first heap   total 116736K, used 61995K [0x0000000080000000, 0x0000000100000000)
  region size 1024K, 4 young (4096K), 4 survivors (4096K)
 Metaspace       used 62736K, committed 63296K, reserved 1105920K
  class space    used 8290K, committed 8576K, reserved 1048576K
}
Event: 15.623 GC heap before
{Heap before GC invocations=34 (full 0):
 garbage-first heap   total 116736K, used 84523K [0x0000000080000000, 0x0000000100000000)
  region size 1024K, 24 young (24576K), 4 survivors (4096K)
 Metaspace       used 64831K, committed 65408K, reserved 1105920K
  class space    used 8557K, committed 8832K, reserved 1048576K
}
Event: 15.627 GC heap after
{Heap after GC invocations=35 (full 0):
 garbage-first heap   total 116736K, used 59079K [0x0000000080000000, 0x0000000100000000)
  region size 1024K, 2 young (2048K), 2 survivors (2048K)
 Metaspace       used 64831K, committed 65408K, reserved 1105920K
  class space    used 8557K, committed 8832K, reserved 1048576K
}
Event: 16.147 GC heap before
{Heap before GC invocations=35 (full 0):
 garbage-first heap   total 116736K, used 83655K [0x0000000080000000, 0x0000000100000000)
  region size 1024K, 26 young (26624K), 2 survivors (2048K)
 Metaspace       used 66851K, committed 67392K, reserved 1114112K
  class space    used 8802K, committed 9088K, reserved 1048576K
}
Event: 16.153 GC heap after
{Heap after GC invocations=36 (full 0):
 garbage-first heap   total 116736K, used 61030K [0x0000000080000000, 0x0000000100000000)
  region size 1024K, 4 young (4096K), 4 survivors (4096K)
 Metaspace       used 66851K, committed 67392K, reserved 1114112K
  class space    used 8802K, committed 9088K, reserved 1048576K
}
Event: 16.912 GC heap before
{Heap before GC invocations=37 (full 0):
 garbage-first heap   total 116736K, used 86630K [0x0000000080000000, 0x0000000100000000)
  region size 1024K, 29 young (29696K), 4 survivors (4096K)
 Metaspace       used 69815K, committed 70400K, reserved 1114112K
  class space    used 9213K, committed 9472K, reserved 1048576K
}
Event: 16.917 GC heap after
{Heap after GC invocations=38 (full 0):
 garbage-first heap   total 116736K, used 62342K [0x0000000080000000, 0x0000000100000000)
  region size 1024K, 2 young (2048K), 2 survivors (2048K)
 Metaspace       used 69815K, committed 70400K, reserved 1114112K
  class space    used 9213K, committed 9472K, reserved 1048576K
}
Event: 17.364 GC heap before
{Heap before GC invocations=38 (full 0):
 garbage-first heap   total 116736K, used 87942K [0x0000000080000000, 0x0000000100000000)
  region size 1024K, 27 young (27648K), 2 survivors (2048K)
 Metaspace       used 70801K, committed 71360K, reserved 1114112K
  class space    used 9335K, committed 9600K, reserved 1048576K
}
Event: 17.369 GC heap after
{Heap after GC invocations=39 (full 0):
 garbage-first heap   total 116736K, used 64265K [0x0000000080000000, 0x0000000100000000)
  region size 1024K, 4 young (4096K), 4 survivors (4096K)
 Metaspace       used 70801K, committed 71360K, reserved 1114112K
  class space    used 9335K, committed 9600K, reserved 1048576K
}
Event: 17.716 GC heap before
{Heap before GC invocations=40 (full 0):
 garbage-first heap   total 119808K, used 89865K [0x0000000080000000, 0x0000000100000000)
  region size 1024K, 29 young (29696K), 4 survivors (4096K)
 Metaspace       used 70887K, committed 71488K, reserved 1114112K
  class space    used 9344K, committed 9600K, reserved 1048576K
}
Event: 17.721 GC heap after
{Heap after GC invocations=41 (full 0):
 garbage-first heap   total 119808K, used 66596K [0x0000000080000000, 0x0000000100000000)
  region size 1024K, 3 young (3072K), 3 survivors (3072K)
 Metaspace       used 70887K, committed 71488K, reserved 1114112K
  class space    used 9344K, committed 9600K, reserved 1048576K
}

